11:49:40:350  INFO 8580 --- [main] org.javatop.dynamic.DynamicApplication   : Starting DynamicApplication using Java 17.0.9 with PID 8580 (D:\IDEA Workplace\Leo-code\springboot-code\springboot-dynamic-sourse\target\classes started by Administrator in D:\IDEA Workplace\Leo-code\springboot-code)
11:49:40:353 DEBUG 8580 --- [main] org.javatop.dynamic.DynamicApplication   : Running with Spring Boot v3.0.5, Spring v6.0.7
11:49:40:354  INFO 8580 --- [main] org.javatop.dynamic.DynamicApplication   : No active profile set, falling back to 1 default profile: "default"
11:49:40:859  INFO 8580 --- [main] o.s.b.w.embedded.tomcat.TomcatWebServer  : Tomcat initialized with port(s): 8007 (http)
11:49:40:864  INFO 8580 --- [main] o.apache.catalina.core.StandardService   : Starting service [Tomcat]
11:49:40:864  INFO 8580 --- [main] o.apache.catalina.core.StandardEngine    : Starting Servlet engine: [Apache Tomcat/10.1.7]
11:49:40:908  INFO 8580 --- [main] o.a.c.c.C.[Tomcat].[localhost].[/]       : Initializing Spring embedded WebApplicationContext
11:49:40:908  INFO 8580 --- [main] w.s.c.ServletWebServerApplicationContext : Root WebApplicationContext: initialization completed in 527 ms
11:49:41:100  INFO 8580 --- [main] o.s.b.w.embedded.tomcat.TomcatWebServer  : Tomcat started on port(s): 8007 (http) with context path ''
11:49:41:106  INFO 8580 --- [main] org.javatop.dynamic.DynamicApplication   : Started DynamicApplication in 1.039 seconds (process running for 1.35)
11:51:01:058  INFO 8580 --- [http-nio-8007-exec-1] o.a.c.c.C.[Tomcat].[localhost].[/]       : Initializing Spring DispatcherServlet 'dispatcherServlet'
11:51:01:059  INFO 8580 --- [http-nio-8007-exec-1] o.s.web.servlet.DispatcherServlet        : Initializing Servlet 'dispatcherServlet'
11:51:01:059  INFO 8580 --- [http-nio-8007-exec-1] o.s.web.servlet.DispatcherServlet        : Completed initialization in 0 ms
11:52:17:227  INFO 9344 --- [main] org.javatop.dynamic.DynamicApplication   : Starting DynamicApplication using Java 17.0.9 with PID 9344 (D:\IDEA Workplace\Leo-code\springboot-code\springboot-dynamic-sourse\target\classes started by Administrator in D:\IDEA Workplace\Leo-code\springboot-code)
11:52:17:228 DEBUG 9344 --- [main] org.javatop.dynamic.DynamicApplication   : Running with Spring Boot v3.0.5, Spring v6.0.7
11:52:17:229  INFO 9344 --- [main] org.javatop.dynamic.DynamicApplication   : No active profile set, falling back to 1 default profile: "default"
11:52:17:716  INFO 9344 --- [main] o.s.b.w.embedded.tomcat.TomcatWebServer  : Tomcat initialized with port(s): 8007 (http)
11:52:17:723  INFO 9344 --- [main] o.apache.catalina.core.StandardService   : Starting service [Tomcat]
11:52:17:723  INFO 9344 --- [main] o.apache.catalina.core.StandardEngine    : Starting Servlet engine: [Apache Tomcat/10.1.7]
11:52:17:767  INFO 9344 --- [main] o.a.c.c.C.[Tomcat].[localhost].[/]       : Initializing Spring embedded WebApplicationContext
11:52:17:768  INFO 9344 --- [main] w.s.c.ServletWebServerApplicationContext : Root WebApplicationContext: initialization completed in 506 ms
11:52:17:954  INFO 9344 --- [main] o.s.b.w.embedded.tomcat.TomcatWebServer  : Tomcat started on port(s): 8007 (http) with context path ''
11:52:17:960  INFO 9344 --- [main] org.javatop.dynamic.DynamicApplication   : Started DynamicApplication in 1.031 seconds (process running for 1.344)
11:52:20:181  INFO 9344 --- [http-nio-8007-exec-1] o.a.c.c.C.[Tomcat].[localhost].[/]       : Initializing Spring DispatcherServlet 'dispatcherServlet'
11:52:20:181  INFO 9344 --- [http-nio-8007-exec-1] o.s.web.servlet.DispatcherServlet        : Initializing Servlet 'dispatcherServlet'
11:52:20:181  INFO 9344 --- [http-nio-8007-exec-1] o.s.web.servlet.DispatcherServlet        : Completed initialization in 0 ms
15:01:58:359  INFO 24236 --- [main] org.javatop.dynamic.DynamicApplication   : Starting DynamicApplication using Java 17.0.9 with PID 24236 (D:\IDEA Workplace\Leo-code\springboot-code\springboot-dynamic-sourse\target\classes started by Administrator in D:\IDEA Workplace\Leo-code\springboot-code)
15:01:58:360 DEBUG 24236 --- [main] org.javatop.dynamic.DynamicApplication   : Running with Spring Boot v3.0.5, Spring v6.0.7
15:01:58:361  INFO 24236 --- [main] org.javatop.dynamic.DynamicApplication   : No active profile set, falling back to 1 default profile: "default"
15:01:58:810  INFO 24236 --- [main] o.s.b.w.embedded.tomcat.TomcatWebServer  : Tomcat initialized with port(s): 8007 (http)
15:01:58:817  INFO 24236 --- [main] o.apache.catalina.core.StandardService   : Starting service [Tomcat]
15:01:58:817  INFO 24236 --- [main] o.apache.catalina.core.StandardEngine    : Starting Servlet engine: [Apache Tomcat/10.1.7]
15:01:58:862  INFO 24236 --- [main] o.a.c.c.C.[Tomcat].[localhost].[/]       : Initializing Spring embedded WebApplicationContext
15:01:58:862  INFO 24236 --- [main] w.s.c.ServletWebServerApplicationContext : Root WebApplicationContext: initialization completed in 479 ms
15:01:59:059  INFO 24236 --- [main] o.s.b.w.embedded.tomcat.TomcatWebServer  : Tomcat started on port(s): 8007 (http) with context path ''
15:01:59:063  INFO 24236 --- [main] org.javatop.dynamic.DynamicApplication   : Started DynamicApplication in 0.96 seconds (process running for 1.224)
15:02:05:660  INFO 24236 --- [http-nio-8007-exec-1] o.a.c.c.C.[Tomcat].[localhost].[/]       : Initializing Spring DispatcherServlet 'dispatcherServlet'
15:02:05:660  INFO 24236 --- [http-nio-8007-exec-1] o.s.web.servlet.DispatcherServlet        : Initializing Servlet 'dispatcherServlet'
15:02:05:661  INFO 24236 --- [http-nio-8007-exec-1] o.s.web.servlet.DispatcherServlet        : Completed initialization in 1 ms
