19:46:35:813  INFO 8 --- [main] o.j.big.SpringBootBigEventApplication    : Starting SpringBootBigEventApplication using Java 17.0.9 with PID 8 (D:\IDEA Workplace\Leo-code\springboot-code\springboot-bigevent\target\classes started by Administrator in D:\IDEA Workplace\Leo-code\springboot-code)
19:46:35:816 DEBUG 8 --- [main] o.j.big.SpringBootBigEventApplication    : Running with Spring Boot v3.0.5, Spring v6.0.7
19:46:35:817  INFO 8 --- [main] o.j.big.SpringBootBigEventApplication    : No active profile set, falling back to 1 default profile: "default"
19:46:36:237  INFO 8 --- [main] .s.d.r.c.RepositoryConfigurationDelegate : Multiple Spring Data modules found, entering strict repository configuration mode
19:46:36:239  INFO 8 --- [main] .s.d.r.c.RepositoryConfigurationDelegate : Bootstrapping Spring Data Redis repositories in DEFAULT mode.
19:46:36:255  INFO 8 --- [main] .s.d.r.c.RepositoryConfigurationDelegate : Finished Spring Data repository scanning in 7 ms. Found 0 Redis repository interfaces.
19:46:36:639  INFO 8 --- [main] o.s.b.w.embedded.tomcat.TomcatWebServer  : Tomcat initialized with port(s): 8100 (http)
19:46:36:646  INFO 8 --- [main] o.apache.catalina.core.StandardService   : Starting service [Tomcat]
19:46:36:646  INFO 8 --- [main] o.apache.catalina.core.StandardEngine    : Starting Servlet engine: [Apache Tomcat/10.1.7]
19:46:36:696  INFO 8 --- [main] o.a.c.c.C.[Tomcat].[localhost].[/]       : Initializing Spring embedded WebApplicationContext
19:46:36:696  INFO 8 --- [main] w.s.c.ServletWebServerApplicationContext : Root WebApplicationContext: initialization completed in 851 ms
19:46:37:393  INFO 8 --- [main] o.s.b.w.embedded.tomcat.TomcatWebServer  : Tomcat started on port(s): 8100 (http) with context path ''
19:46:37:398  INFO 8 --- [main] o.j.big.SpringBootBigEventApplication    : Started SpringBootBigEventApplication in 1.84 seconds (process running for 2.629)
19:47:40:205  INFO 8 --- [http-nio-8100-exec-1] o.a.c.c.C.[Tomcat].[localhost].[/]       : Initializing Spring DispatcherServlet 'dispatcherServlet'
19:47:40:205  INFO 8 --- [http-nio-8100-exec-1] o.s.web.servlet.DispatcherServlet        : Initializing Servlet 'dispatcherServlet'
19:47:40:206  INFO 8 --- [http-nio-8100-exec-1] o.s.web.servlet.DispatcherServlet        : Completed initialization in 0 ms
19:47:40:246  INFO 8 --- [http-nio-8100-exec-1] com.zaxxer.hikari.HikariDataSource       : HikariPool-1 - Starting...
19:47:40:329  INFO 8 --- [http-nio-8100-exec-1] com.zaxxer.hikari.pool.HikariPool        : HikariPool-1 - Added connection com.mysql.cj.jdbc.ConnectionImpl@63b4d096
19:47:40:330  INFO 8 --- [http-nio-8100-exec-1] com.zaxxer.hikari.HikariDataSource       : HikariPool-1 - Start completed.
19:47:40:335 DEBUG 8 --- [http-nio-8100-exec-1] o.j.b.m.UserMapper.selectByUserName      : ==>  Preparing: select id, username, `password`, nickname, email, user_pic, create_time, update_time from `user` where username=?
19:47:40:350 DEBUG 8 --- [http-nio-8100-exec-1] o.j.b.m.UserMapper.selectByUserName      : ==> Parameters: jack(String)
19:47:40:364 DEBUG 8 --- [http-nio-8100-exec-1] o.j.b.m.UserMapper.selectByUserName      : <==      Total: 1
19:47:43:028 DEBUG 8 --- [http-nio-8100-exec-2] o.j.b.m.UserMapper.selectByUserName      : ==>  Preparing: select id, username, `password`, nickname, email, user_pic, create_time, update_time from `user` where username=?
19:47:43:028 DEBUG 8 --- [http-nio-8100-exec-2] o.j.b.m.UserMapper.selectByUserName      : ==> Parameters: jack(String)
19:47:43:029 DEBUG 8 --- [http-nio-8100-exec-2] o.j.b.m.UserMapper.selectByUserName      : <==      Total: 1
